<html>
<head>
<title>TestNG:  UI QA Code Challange Test cases</title>
<link href="../testng.css" rel="stylesheet" type="text/css" />
<link href="../my-testng.css" rel="stylesheet" type="text/css" />

<style type="text/css">
.log { display: none;} 
.stack-trace { display: none;} 
</style>
<script type="text/javascript">
<!--
function flip(e) {
  current = e.style.display;
  if (current == 'block') {
    e.style.display = 'none';
    return 0;
  }
  else {
    e.style.display = 'block';
    return 1;
  }
}

function toggleBox(szDivId, elem, msg1, msg2)
{
  var res = -1;  if (document.getElementById) {
    res = flip(document.getElementById(szDivId));
  }
  else if (document.all) {
    // this is the way old msie versions work
    res = flip(document.all[szDivId]);
  }
  if(elem) {
    if(res == 0) elem.innerHTML = msg1; else elem.innerHTML = msg2;
  }

}

function toggleAllBoxes() {
  if (document.getElementsByTagName) {
    d = document.getElementsByTagName('div');
    for (i = 0; i < d.length; i++) {
      if (d[i].className == 'log') {
        flip(d[i]);
      }
    }
  }
}

// -->
</script>

</head>
<body>
<h2 align='center'>UI QA Code Challange Test cases</h2><table border='1' align="center">
<tr>
<td>Tests passed/Failed/Skipped:</td><td>23/1/0</td>
</tr><tr>
<td>Started on:</td><td>Sun Nov 01 21:29:55 MST 2020</td>
</tr>
<tr><td>Total time:</td><td>220 seconds (220291 ms)</td>
</tr><tr>
<td>Included groups:</td><td></td>
</tr><tr>
<td>Excluded groups:</td><td></td>
</tr>
</table><p/>
<small><i>(Hover the method name to see the test class name)</i></small><p/>
<table width='100%' border='1' class='invocation-failed'>
<tr><td colspan='4' align='center'><b>FAILED TESTS</b></td></tr>
<tr><td><b>Test method</b></td>
<td width="30%"><b>Exception</b></td>
<td width="10%"><b>Time (seconds)</b></td>
<td><b>Instance</b></td>
</tr>
<tr>
<td title='com.hero.qa.testcases.ExitIntentTest.verifyExitIntent()'><b>verifyExitIntent</b><br>Test class: com.hero.qa.testcases.ExitIntentTest</td>
<td><div><pre>org.openqa.selenium.TimeoutException: Expected condition failed: waiting for visibility of [[ChromeDriver: chrome on WINDOWS (217c03bd8a3c918c23681270c1ecbe42)] -&gt; xpath: .//*[@id=&apos;ouibounce-modal&apos;]/div[2]/div[3]/p] (tried for 40 second(s) with 500 milliseconds interval)
Build info: version: &apos;3.141.59&apos;, revision: &apos;e82be7d358&apos;, time: &apos;2018-11-14T08:17:03&apos;
System info: host: &apos;DESKTOP-VF09DEB&apos;, ip: &apos;192.168.0.116&apos;, os.name: &apos;Windows 10&apos;, os.arch: &apos;amd64&apos;, os.version: &apos;10.0&apos;, java.version: &apos;1.8.0_261&apos;
Driver info: org.openqa.selenium.chrome.ChromeDriver
Capabilities {acceptInsecureCerts: false, browserName: chrome, browserVersion: 86.0.4240.111, chrome: {chromedriverVersion: 86.0.4240.22 (398b0743353ff..., userDataDir: C:\Users\Savita\AppData\Loc...}, goog:chromeOptions: {debuggerAddress: localhost:58538}, javascriptEnabled: true, networkConnectionEnabled: false, pageLoadStrategy: normal, platform: WINDOWS, platformName: WINDOWS, proxy: Proxy(), setWindowRect: true, strictFileInteractability: false, timeouts: {implicit: 0, pageLoad: 300000, script: 30000}, unhandledPromptBehavior: dismiss and notify, webauthn:virtualAuthenticators: true}
Session ID: 217c03bd8a3c918c23681270c1ecbe42
	at org.openqa.selenium.support.ui.WebDriverWait.timeoutException(WebDriverWait.java:95)
	at org.openqa.selenium.support.ui.FluentWait.until(FluentWait.java:272)
	at com.hero.qa.Base.TestBaseExitContent.waitForObjectToVisible(TestBaseExitContent.java:36)
	at com.hero.qa.pages.ExitIntent.testExitIntent(ExitIntent.java:36)
	at com.hero.qa.testcases.ExitIntentTest.verifyExitIntent(ExitIntentTest.java:29)
	at java.util.ArrayList.forEach(Unknown Source)
... Removed 27 stack frames</pre></div><a href='#' onClick='toggleBox("stack-trace1812422301", this, "Click to show all stack frames", "Click to hide stack frames")'>Click to show all stack frames</a>
<div class='stack-trace' id='stack-trace1812422301'><pre>org.openqa.selenium.TimeoutException: Expected condition failed: waiting for visibility of [[ChromeDriver: chrome on WINDOWS (217c03bd8a3c918c23681270c1ecbe42)] -&gt; xpath: .//*[@id=&apos;ouibounce-modal&apos;]/div[2]/div[3]/p] (tried for 40 second(s) with 500 milliseconds interval)
Build info: version: &apos;3.141.59&apos;, revision: &apos;e82be7d358&apos;, time: &apos;2018-11-14T08:17:03&apos;
System info: host: &apos;DESKTOP-VF09DEB&apos;, ip: &apos;192.168.0.116&apos;, os.name: &apos;Windows 10&apos;, os.arch: &apos;amd64&apos;, os.version: &apos;10.0&apos;, java.version: &apos;1.8.0_261&apos;
Driver info: org.openqa.selenium.chrome.ChromeDriver
Capabilities {acceptInsecureCerts: false, browserName: chrome, browserVersion: 86.0.4240.111, chrome: {chromedriverVersion: 86.0.4240.22 (398b0743353ff..., userDataDir: C:\Users\Savita\AppData\Loc...}, goog:chromeOptions: {debuggerAddress: localhost:58538}, javascriptEnabled: true, networkConnectionEnabled: false, pageLoadStrategy: normal, platform: WINDOWS, platformName: WINDOWS, proxy: Proxy(), setWindowRect: true, strictFileInteractability: false, timeouts: {implicit: 0, pageLoad: 300000, script: 30000}, unhandledPromptBehavior: dismiss and notify, webauthn:virtualAuthenticators: true}
Session ID: 217c03bd8a3c918c23681270c1ecbe42
	at org.openqa.selenium.support.ui.WebDriverWait.timeoutException(WebDriverWait.java:95)
	at org.openqa.selenium.support.ui.FluentWait.until(FluentWait.java:272)
	at com.hero.qa.Base.TestBaseExitContent.waitForObjectToVisible(TestBaseExitContent.java:36)
	at com.hero.qa.pages.ExitIntent.testExitIntent(ExitIntent.java:36)
	at com.hero.qa.testcases.ExitIntentTest.verifyExitIntent(ExitIntentTest.java:29)
	at sun.reflect.NativeMethodAccessorImpl.invoke0(Native Method)
	at sun.reflect.NativeMethodAccessorImpl.invoke(Unknown Source)
	at sun.reflect.DelegatingMethodAccessorImpl.invoke(Unknown Source)
	at java.lang.reflect.Method.invoke(Unknown Source)
	at org.testng.internal.MethodInvocationHelper.invokeMethod(MethodInvocationHelper.java:132)
	at org.testng.internal.TestInvoker.invokeMethod(TestInvoker.java:599)
	at org.testng.internal.TestInvoker.invokeTestMethod(TestInvoker.java:174)
	at org.testng.internal.MethodRunner.runInSequence(MethodRunner.java:46)
	at org.testng.internal.TestInvoker$MethodInvocationAgent.invoke(TestInvoker.java:822)
	at org.testng.internal.TestInvoker.invokeTestMethods(TestInvoker.java:147)
	at org.testng.internal.TestMethodWorker.invokeTestMethods(TestMethodWorker.java:146)
	at org.testng.internal.TestMethodWorker.run(TestMethodWorker.java:128)
	at java.util.ArrayList.forEach(Unknown Source)
	at org.testng.TestRunner.privateRun(TestRunner.java:764)
	at org.testng.TestRunner.run(TestRunner.java:585)
	at org.testng.SuiteRunner.runTest(SuiteRunner.java:384)
	at org.testng.SuiteRunner.runSequentially(SuiteRunner.java:378)
	at org.testng.SuiteRunner.privateRun(SuiteRunner.java:337)
	at org.testng.SuiteRunner.run(SuiteRunner.java:286)
	at org.testng.SuiteRunnerWorker.runSuite(SuiteRunnerWorker.java:53)
	at org.testng.SuiteRunnerWorker.run(SuiteRunnerWorker.java:96)
	at org.testng.TestNG.runSuitesSequentially(TestNG.java:1218)
	at org.testng.TestNG.runSuitesLocally(TestNG.java:1140)
	at org.testng.TestNG.runSuites(TestNG.java:1069)
	at org.testng.TestNG.run(TestNG.java:1037)
	at org.testng.remote.AbstractRemoteTestNG.run(AbstractRemoteTestNG.java:115)
	at org.testng.remote.RemoteTestNG.initAndRun(RemoteTestNG.java:251)
	at org.testng.remote.RemoteTestNG.main(RemoteTestNG.java:77)
</pre></div></td>
<td>40</td>
<td>com.hero.qa.testcases.ExitIntentTest@646d64ab</td></tr>
</table><p>
<table width='100%' border='1' class='invocation-passed'>
<tr><td colspan='4' align='center'><b>PASSED TESTS</b></td></tr>
<tr><td><b>Test method</b></td>
<td width="30%"><b>Exception</b></td>
<td width="10%"><b>Time (seconds)</b></td>
<td><b>Instance</b></td>
</tr>
<tr>
<td title='com.hero.qa.testcases.LoginPageTest.UserNameInvalid1()'><b>UserNameInvalid1</b><br>Test class: com.hero.qa.testcases.LoginPageTest</td>
<td></td>
<td>0</td>
<td>com.hero.qa.testcases.LoginPageTest@2833cc44</td></tr>
<tr>
<td title='com.hero.qa.testcases.LoginPageTest.UserNameInvalid10()'><b>UserNameInvalid10</b><br>Test class: com.hero.qa.testcases.LoginPageTest</td>
<td></td>
<td>0</td>
<td>com.hero.qa.testcases.LoginPageTest@2833cc44</td></tr>
<tr>
<td title='com.hero.qa.testcases.LoginPageTest.UserNameInvalid11()'><b>UserNameInvalid11</b><br>Test class: com.hero.qa.testcases.LoginPageTest</td>
<td></td>
<td>0</td>
<td>com.hero.qa.testcases.LoginPageTest@2833cc44</td></tr>
<tr>
<td title='com.hero.qa.testcases.LoginPageTest.UserNameInvalid12()'><b>UserNameInvalid12</b><br>Test class: com.hero.qa.testcases.LoginPageTest</td>
<td></td>
<td>0</td>
<td>com.hero.qa.testcases.LoginPageTest@2833cc44</td></tr>
<tr>
<td title='com.hero.qa.testcases.LoginPageTest.UserNameInvalid13()'><b>UserNameInvalid13</b><br>Test class: com.hero.qa.testcases.LoginPageTest</td>
<td></td>
<td>0</td>
<td>com.hero.qa.testcases.LoginPageTest@2833cc44</td></tr>
<tr>
<td title='com.hero.qa.testcases.LoginPageTest.UserNameInvalid14()'><b>UserNameInvalid14</b><br>Test class: com.hero.qa.testcases.LoginPageTest</td>
<td></td>
<td>0</td>
<td>com.hero.qa.testcases.LoginPageTest@2833cc44</td></tr>
<tr>
<td title='com.hero.qa.testcases.LoginPageTest.UserNameInvalid15()'><b>UserNameInvalid15</b><br>Test class: com.hero.qa.testcases.LoginPageTest</td>
<td></td>
<td>0</td>
<td>com.hero.qa.testcases.LoginPageTest@2833cc44</td></tr>
<tr>
<td title='com.hero.qa.testcases.LoginPageTest.UserNameInvalid16()'><b>UserNameInvalid16</b><br>Test class: com.hero.qa.testcases.LoginPageTest</td>
<td></td>
<td>0</td>
<td>com.hero.qa.testcases.LoginPageTest@2833cc44</td></tr>
<tr>
<td title='com.hero.qa.testcases.LoginPageTest.UserNameInvalid17()'><b>UserNameInvalid17</b><br>Test class: com.hero.qa.testcases.LoginPageTest</td>
<td></td>
<td>0</td>
<td>com.hero.qa.testcases.LoginPageTest@2833cc44</td></tr>
<tr>
<td title='com.hero.qa.testcases.LoginPageTest.UserNameInvalid2()'><b>UserNameInvalid2</b><br>Test class: com.hero.qa.testcases.LoginPageTest</td>
<td></td>
<td>0</td>
<td>com.hero.qa.testcases.LoginPageTest@2833cc44</td></tr>
<tr>
<td title='com.hero.qa.testcases.LoginPageTest.UserNameInvalid3()'><b>UserNameInvalid3</b><br>Test class: com.hero.qa.testcases.LoginPageTest</td>
<td></td>
<td>0</td>
<td>com.hero.qa.testcases.LoginPageTest@2833cc44</td></tr>
<tr>
<td title='com.hero.qa.testcases.LoginPageTest.UserNameInvalid4()'><b>UserNameInvalid4</b><br>Test class: com.hero.qa.testcases.LoginPageTest</td>
<td></td>
<td>0</td>
<td>com.hero.qa.testcases.LoginPageTest@2833cc44</td></tr>
<tr>
<td title='com.hero.qa.testcases.LoginPageTest.UserNameInvalid5()'><b>UserNameInvalid5</b><br>Test class: com.hero.qa.testcases.LoginPageTest</td>
<td></td>
<td>0</td>
<td>com.hero.qa.testcases.LoginPageTest@2833cc44</td></tr>
<tr>
<td title='com.hero.qa.testcases.LoginPageTest.UserNameInvalid6()'><b>UserNameInvalid6</b><br>Test class: com.hero.qa.testcases.LoginPageTest</td>
<td></td>
<td>0</td>
<td>com.hero.qa.testcases.LoginPageTest@2833cc44</td></tr>
<tr>
<td title='com.hero.qa.testcases.LoginPageTest.UserNameInvalid7()'><b>UserNameInvalid7</b><br>Test class: com.hero.qa.testcases.LoginPageTest</td>
<td></td>
<td>0</td>
<td>com.hero.qa.testcases.LoginPageTest@2833cc44</td></tr>
<tr>
<td title='com.hero.qa.testcases.LoginPageTest.UserNameInvalid8()'><b>UserNameInvalid8</b><br>Test class: com.hero.qa.testcases.LoginPageTest</td>
<td></td>
<td>0</td>
<td>com.hero.qa.testcases.LoginPageTest@2833cc44</td></tr>
<tr>
<td title='com.hero.qa.testcases.LoginPageTest.UserNameInvalid9()'><b>UserNameInvalid9</b><br>Test class: com.hero.qa.testcases.LoginPageTest</td>
<td></td>
<td>1</td>
<td>com.hero.qa.testcases.LoginPageTest@2833cc44</td></tr>
<tr>
<td title='com.hero.qa.testcases.DynamicControlsTest.VerifyDynamicControls()'><b>VerifyDynamicControls</b><br>Test class: com.hero.qa.testcases.DynamicControlsTest</td>
<td></td>
<td>7</td>
<td>com.hero.qa.testcases.DynamicControlsTest@1b68ddbd</td></tr>
<tr>
<td title='com.hero.qa.testcases.WindowsTest.VerifyNewtabCreated()'><b>VerifyNewtabCreated</b><br>Test class: com.hero.qa.testcases.WindowsTest</td>
<td></td>
<td>0</td>
<td>com.hero.qa.testcases.WindowsTest@2d8f65a4</td></tr>
<tr>
<td title='com.hero.qa.testcases.LoginPageTest.loginTest()'><b>loginTest</b><br>Test class: com.hero.qa.testcases.LoginPageTest</td>
<td></td>
<td>1</td>
<td>com.hero.qa.testcases.LoginPageTest@2833cc44</td></tr>
<tr>
<td title='com.hero.qa.testcases.SecureTest.saveContactWithNoValueAdded()'><b>saveContactWithNoValueAdded</b><br>Test class: com.hero.qa.testcases.SecureTest</td>
<td></td>
<td>1</td>
<td>com.hero.qa.testcases.SecureTest@33f88ab</td></tr>
<tr>
<td title='com.hero.qa.testcases.TablesTest.sortByFirstName()'><b>sortByFirstName</b><br>Test class: com.hero.qa.testcases.TablesTest</td>
<td></td>
<td>0</td>
<td>com.hero.qa.testcases.TablesTest@27a8c74e</td></tr>
<tr>
<td title='com.hero.qa.testcases.TablesTest.sortByLastName()'><b>sortByLastName</b><br>Test class: com.hero.qa.testcases.TablesTest</td>
<td></td>
<td>0</td>
<td>com.hero.qa.testcases.TablesTest@27a8c74e</td></tr>
</table><p>
</body>
</html>