<?xml version="1.0" encoding="UTF-8"?>
<!-- Generated by org.testng.reporters.JUnitXMLReporter -->
<testsuite hostname="DESKTOP-VF09DEB" ignored="0" name="UI QA Code Challange Test cases" tests="24" failures="1" timestamp="2020-11-01T21:33:35 MST" time="220.291" errors="0">
  <testcase name="loginTest" time="1.013" classname="com.hero.qa.testcases.LoginPageTest"/>
  <testcase name="UserNameInvalid1" time="0.759" classname="com.hero.qa.testcases.LoginPageTest"/>
  <testcase name="UserNameInvalid2" time="0.834" classname="com.hero.qa.testcases.LoginPageTest"/>
  <testcase name="UserNameInvalid3" time="0.749" classname="com.hero.qa.testcases.LoginPageTest"/>
  <testcase name="UserNameInvalid4" time="0.723" classname="com.hero.qa.testcases.LoginPageTest"/>
  <testcase name="UserNameInvalid5" time="0.941" classname="com.hero.qa.testcases.LoginPageTest"/>
  <testcase name="UserNameInvalid6" time="0.76" classname="com.hero.qa.testcases.LoginPageTest"/>
  <testcase name="UserNameInvalid7" time="0.852" classname="com.hero.qa.testcases.LoginPageTest"/>
  <testcase name="UserNameInvalid8" time="0.864" classname="com.hero.qa.testcases.LoginPageTest"/>
  <testcase name="UserNameInvalid9" time="1.138" classname="com.hero.qa.testcases.LoginPageTest"/>
  <testcase name="UserNameInvalid10" time="0.725" classname="com.hero.qa.testcases.LoginPageTest"/>
  <testcase name="UserNameInvalid11" time="0.723" classname="com.hero.qa.testcases.LoginPageTest"/>
  <testcase name="UserNameInvalid12" time="0.776" classname="com.hero.qa.testcases.LoginPageTest"/>
  <testcase name="UserNameInvalid13" time="0.833" classname="com.hero.qa.testcases.LoginPageTest"/>
  <testcase name="UserNameInvalid14" time="0.894" classname="com.hero.qa.testcases.LoginPageTest"/>
  <testcase name="UserNameInvalid15" time="0.764" classname="com.hero.qa.testcases.LoginPageTest"/>
  <testcase name="UserNameInvalid16" time="0.929" classname="com.hero.qa.testcases.LoginPageTest"/>
  <testcase name="UserNameInvalid17" time="0.787" classname="com.hero.qa.testcases.LoginPageTest"/>
  <testcase name="saveContactWithNoValueAdded" time="1.421" classname="com.hero.qa.testcases.SecureTest"/>
  <testcase name="sortByLastName" time="0.713" classname="com.hero.qa.testcases.TablesTest"/>
  <testcase name="sortByFirstName" time="0.808" classname="com.hero.qa.testcases.TablesTest"/>
  <testcase name="VerifyNewtabCreated" time="0.145" classname="com.hero.qa.testcases.WindowsTest"/>
  <testcase name="VerifyDynamicControls" time="7.379" classname="com.hero.qa.testcases.DynamicControlsTest"/>
  <testcase name="verifyExitIntent" time="40.773" classname="com.hero.qa.testcases.ExitIntentTest">
    <failure type="org.openqa.selenium.TimeoutException" message="Expected condition failed: waiting for visibility of [[ChromeDriver: chrome on WINDOWS (217c03bd8a3c918c23681270c1ecbe42)] -&amp;gt; xpath: .//*[@id=&amp;apos;ouibounce-modal&amp;apos;]/div[2]/div[3]/p] (tried for 40 second(s) with 500 milliseconds interval)
Build info: version: &amp;apos;3.141.59&amp;apos;, revision: &amp;apos;e82be7d358&amp;apos;, time: &amp;apos;2018-11-14T08:17:03&amp;apos;
System info: host: &amp;apos;DESKTOP-VF09DEB&amp;apos;, ip: &amp;apos;192.168.0.116&amp;apos;, os.name: &amp;apos;Windows 10&amp;apos;, os.arch: &amp;apos;amd64&amp;apos;, os.version: &amp;apos;10.0&amp;apos;, java.version: &amp;apos;1.8.0_261&amp;apos;
Driver info: org.openqa.selenium.chrome.ChromeDriver
Capabilities {acceptInsecureCerts: false, browserName: chrome, browserVersion: 86.0.4240.111, chrome: {chromedriverVersion: 86.0.4240.22 (398b0743353ff..., userDataDir: C:\Users\Savita\AppData\Loc...}, goog:chromeOptions: {debuggerAddress: localhost:58538}, javascriptEnabled: true, networkConnectionEnabled: false, pageLoadStrategy: normal, platform: WINDOWS, platformName: WINDOWS, proxy: Proxy(), setWindowRect: true, strictFileInteractability: false, timeouts: {implicit: 0, pageLoad: 300000, script: 30000}, unhandledPromptBehavior: dismiss and notify, webauthn:virtualAuthenticators: true}
Session ID: 217c03bd8a3c918c23681270c1ecbe42">
      <![CDATA[org.openqa.selenium.TimeoutException: Expected condition failed: waiting for visibility of [[ChromeDriver: chrome on WINDOWS (217c03bd8a3c918c23681270c1ecbe42)] -> xpath: .//*[@id='ouibounce-modal']/div[2]/div[3]/p] (tried for 40 second(s) with 500 milliseconds interval)
Build info: version: '3.141.59', revision: 'e82be7d358', time: '2018-11-14T08:17:03'
System info: host: 'DESKTOP-VF09DEB', ip: '192.168.0.116', os.name: 'Windows 10', os.arch: 'amd64', os.version: '10.0', java.version: '1.8.0_261'
Driver info: org.openqa.selenium.chrome.ChromeDriver
Capabilities {acceptInsecureCerts: false, browserName: chrome, browserVersion: 86.0.4240.111, chrome: {chromedriverVersion: 86.0.4240.22 (398b0743353ff..., userDataDir: C:\Users\Savita\AppData\Loc...}, goog:chromeOptions: {debuggerAddress: localhost:58538}, javascriptEnabled: true, networkConnectionEnabled: false, pageLoadStrategy: normal, platform: WINDOWS, platformName: WINDOWS, proxy: Proxy(), setWindowRect: true, strictFileInteractability: false, timeouts: {implicit: 0, pageLoad: 300000, script: 30000}, unhandledPromptBehavior: dismiss and notify, webauthn:virtualAuthenticators: true}
Session ID: 217c03bd8a3c918c23681270c1ecbe42
at org.openqa.selenium.support.ui.WebDriverWait.timeoutException(WebDriverWait.java:95)
at org.openqa.selenium.support.ui.FluentWait.until(FluentWait.java:272)
at com.hero.qa.Base.TestBaseExitContent.waitForObjectToVisible(TestBaseExitContent.java:36)
at com.hero.qa.pages.ExitIntent.testExitIntent(ExitIntent.java:36)
at com.hero.qa.testcases.ExitIntentTest.verifyExitIntent(ExitIntentTest.java:29)
at java.util.ArrayList.forEach(Unknown Source)
... Removed 27 stack frames]]>
    </failure>
  </testcase> <!-- verifyExitIntent -->
</testsuite> <!-- UI QA Code Challange Test cases -->
